2026-02-16 12:21:03 [asimov.cli.apply][INFO] Found configurations
2026-02-16 12:21:03 [asimov.cli.apply][INFO] Found an event
2026-02-16 12:21:03 [asimov.cli.apply][INFO] Added Nonstandard fmin to project
2026-02-16 12:21:03 [asimov.cli.apply][INFO] Found an analysis
2026-02-16 12:21:03 [asimov.analysis.Nonstandard fmin/Prod0][WARNING] The Bayeswave interface built into asimov will be removed in v0.7 of asimov, and replaced with an integration from an external package.
2026-02-16 12:21:03 [asimov.analysis.Nonstandard fmin/Prod0][INFO] Using the Bayeswave pipeline
2026-02-16 12:21:03 [asimov.analysis.Nonstandard fmin/Prod0][INFO] Didn't find waveform information in the metadata
2026-02-16 12:21:03 [asimov.cli.apply][INFO] Added Prod0 to Nonstandard fmin
2026-02-16 12:21:03 [asimov.cli.apply][INFO] Found configurations
2026-02-16 12:21:03 [asimov.cli.apply][INFO] Found an event
2026-02-16 12:21:03 [asimov.cli.apply][INFO] Found an analysis
2026-02-16 12:21:03 [asimov.analysis.Nonstandard fmin/Prod0][WARNING] The Bayeswave interface built into asimov will be removed in v0.7 of asimov, and replaced with an integration from an external package.
2026-02-16 12:21:03 [asimov.analysis.Nonstandard fmin/Prod0][INFO] Using the Bayeswave pipeline
2026-02-16 12:21:03 [asimov.analysis.Nonstandard fmin/RIFT_test_job][INFO] Didn't find waveform information in the metadata
2026-02-16 12:21:03 [asimov.cli.apply][INFO] Added RIFT_test_job to Nonstandard fmin
2026-02-16 12:21:03 [asimov.cli.apply][INFO] Found configurations
2026-02-16 12:21:03 [asimov.cli.apply][INFO] Found an event
2026-02-16 12:21:03 [asimov.cli.apply][INFO] Found an analysis
2026-02-16 12:21:03 [asimov.analysis.Nonstandard fmin/Prod0][WARNING] The Bayeswave interface built into asimov will be removed in v0.7 of asimov, and replaced with an integration from an external package.
2026-02-16 12:21:03 [asimov.analysis.Nonstandard fmin/Prod0][INFO] Using the Bayeswave pipeline
2026-02-16 12:21:03 [asimov][WARNING] The LALInference interface built into asimov will be removed in v0.7 of asimov, and replaced with an integration from an external package.
2026-02-16 12:21:03 [asimov.analysis.Nonstandard fmin/lalinference_test_job][INFO] Didn't find waveform information in the metadata
2026-02-16 12:21:03 [asimov.cli.apply][INFO] Added lalinference_test_job to Nonstandard fmin
2026-02-16 12:21:03 [asimov.analysis.Nonstandard fmin/Prod0][WARNING] The Bayeswave interface built into asimov will be removed in v0.7 of asimov, and replaced with an integration from an external package.
2026-02-16 12:21:03 [asimov.analysis.Nonstandard fmin/Prod0][INFO] Using the Bayeswave pipeline
2026-02-16 12:21:03 [asimov][WARNING] The LALInference interface built into asimov will be removed in v0.7 of asimov, and replaced with an integration from an external package.
